0.054
[[ 0.05  0.05  0.05 ...,  0.05  0.05  0.05]
 [ 0.05  0.05  0.05 ...,  0.05  0.05  0.05]
 [ 0.05  0.05  0.05 ...,  0.05  0.05  0.05]
 ..., 
 [ 0.05  0.05  0.05 ...,  0.05  0.05  0.05]
 [ 0.05  0.05  0.05 ...,  0.05  0.05  0.05]
 [ 0.05  0.05  0.05 ...,  0.05  0.05  0.05]]
0.052
[[  1.27525919e-03   3.01572025e-01   2.13850744e-05 ...,   5.14213276e-08
    7.12994904e-07   6.98870397e-04]
 [  1.61113904e-03   3.54136201e-03   7.10482076e-02 ...,   1.17573072e-03
    8.27658176e-02   2.30248608e-02]
 [  4.17434685e-02   6.32559881e-02   1.20607764e-02 ...,   2.46063992e-03
    3.23763792e-03   3.60700139e-03]
 ..., 
 [  6.55525764e-06   7.44900390e-05   2.02959745e-06 ...,   1.19245612e-06
    2.93483434e-04   4.45014844e-03]
 [  2.50274828e-03   4.46601883e-02   5.50935306e-02 ...,   8.60560220e-03
    6.01529181e-02   7.74780959e-02]
 [  1.83910842e-03   2.76114166e-01   1.53678069e-02 ...,   3.97018302e-04
    2.12239916e-03   5.66075509e-03]]
